2025-11-13 21:56:15,255 INFO o.a.j.u.JMeterUtils: Setting Locale to en_EN
2025-11-13 21:56:15,278 INFO o.a.j.JMeter: Loading user properties from: C:\Tools\apache-jmeter-5.6.3\apache-jmeter-5.6.3\bin\user.properties
2025-11-13 21:56:15,278 INFO o.a.j.JMeter: Loading system properties from: C:\Tools\apache-jmeter-5.6.3\apache-jmeter-5.6.3\bin\system.properties
2025-11-13 21:56:15,278 INFO o.a.j.JMeter: Loading additional properties from: backend/tests/jmeter/props/local.properties
2025-11-13 21:56:15,284 INFO o.a.j.JMeter: Copyright (c) 1998-2024 The Apache Software Foundation
2025-11-13 21:56:15,284 INFO o.a.j.JMeter: Version 5.6.3
2025-11-13 21:56:15,284 INFO o.a.j.JMeter: java.version=24.0.2
2025-11-13 21:56:15,285 INFO o.a.j.JMeter: java.vm.name=Java HotSpot(TM) 64-Bit Server VM
2025-11-13 21:56:15,285 INFO o.a.j.JMeter: os.name=Windows 11
2025-11-13 21:56:15,285 INFO o.a.j.JMeter: os.arch=amd64
2025-11-13 21:56:15,285 INFO o.a.j.JMeter: os.version=10.0
2025-11-13 21:56:15,285 INFO o.a.j.JMeter: file.encoding=UTF-8
2025-11-13 21:56:15,285 INFO o.a.j.JMeter: java.awt.headless=true
2025-11-13 21:56:15,285 INFO o.a.j.JMeter: Max memory     =1073741824
2025-11-13 21:56:15,286 INFO o.a.j.JMeter: Available Processors =12
2025-11-13 21:56:15,301 INFO o.a.j.JMeter: Default Locale=English (EN)
2025-11-13 21:56:15,301 INFO o.a.j.JMeter: JMeter  Locale=English (EN)
2025-11-13 21:56:15,301 INFO o.a.j.JMeter: JMeterHome=C:\Tools\apache-jmeter-5.6.3\apache-jmeter-5.6.3
2025-11-13 21:56:15,301 INFO o.a.j.JMeter: user.dir  =C:\projetos\testeUnitario\teste-software-univas
2025-11-13 21:56:15,303 INFO o.a.j.JMeter: PWD       =C:\projetos\testeUnitario\teste-software-univas
2025-11-13 21:56:15,303 INFO o.a.j.JMeter: IP: 192.168.191.208 Name: UNI-LABF-7352 FullName: host.docker.internal
2025-11-13 21:56:15,313 INFO o.a.j.JMeter: Setting property 'jmeter.reportgenerator.outputdir' to:'C:\projetos\testeUnitario\teste-software-univas\backend\tests\jmeter\reports\smoke'
2025-11-13 21:56:15,315 INFO o.a.j.s.FileServer: Default base='C:\projetos\testeUnitario\teste-software-univas'
2025-11-13 21:56:15,315 INFO o.a.j.s.FileServer: Set new base='C:\projetos\testeUnitario\teste-software-univas\backend\tests\jmeter\plans'
2025-11-13 21:56:15,587 INFO o.a.j.s.SaveService: Testplan (JMX) version: 2.2. Testlog (JTL) version: 2.2
2025-11-13 21:56:15,619 INFO o.a.j.s.SaveService: Using SaveService properties version 5.0
2025-11-13 21:56:15,622 INFO o.a.j.s.SaveService: Using SaveService properties file encoding UTF-8
2025-11-13 21:56:15,625 INFO o.a.j.s.SaveService: Loading file: backend\tests\jmeter\plans\smoke.jmx
2025-11-13 21:56:15,714 INFO o.a.j.p.h.s.HTTPSamplerBase: Parser for text/html is org.apache.jmeter.protocol.http.parser.LagartoBasedHtmlParser
2025-11-13 21:56:15,714 INFO o.a.j.p.h.s.HTTPSamplerBase: Parser for application/xhtml+xml is org.apache.jmeter.protocol.http.parser.LagartoBasedHtmlParser
2025-11-13 21:56:15,715 INFO o.a.j.p.h.s.HTTPSamplerBase: Parser for application/xml is org.apache.jmeter.protocol.http.parser.LagartoBasedHtmlParser
2025-11-13 21:56:15,715 INFO o.a.j.p.h.s.HTTPSamplerBase: Parser for text/xml is org.apache.jmeter.protocol.http.parser.LagartoBasedHtmlParser
2025-11-13 21:56:15,715 INFO o.a.j.p.h.s.HTTPSamplerBase: Parser for text/vnd.wap.wml is org.apache.jmeter.protocol.http.parser.RegexpHTMLParser
2025-11-13 21:56:15,715 INFO o.a.j.p.h.s.HTTPSamplerBase: Parser for text/css is org.apache.jmeter.protocol.http.parser.CssParser
2025-11-13 21:56:15,740 INFO o.a.j.JMeter: Creating summariser <summary>
2025-11-13 21:56:15,742 INFO o.a.j.r.d.ReportGenerator: ReportGenerator will use for Parsing the separator: ','
2025-11-13 21:56:15,742 INFO o.a.j.r.d.ReportGenerator: Will generate report at end of test from  results file: backend/tests/jmeter/results/smoke.jtl
2025-11-13 21:56:15,742 INFO o.a.j.r.d.ReportGenerator: Reading report generator properties from: C:\Tools\apache-jmeter-5.6.3\apache-jmeter-5.6.3\bin\reportgenerator.properties
2025-11-13 21:56:15,743 INFO o.a.j.r.d.ReportGenerator: Merging with JMeter properties
2025-11-13 21:56:15,748 INFO o.a.j.r.c.ReportGeneratorConfiguration: Property 'jmeter.reportgenerator.temp_dir' not found, using default value 'temp' instead.
2025-11-13 21:56:15,751 INFO o.a.j.r.c.ReportGeneratorConfiguration: Property 'jmeter.reportgenerator.apdex_per_transaction' not found, using default value 'null' instead.
2025-11-13 21:56:15,751 INFO o.a.j.r.c.ReportGeneratorConfiguration: apdex_per_transaction is empty, not APDEX per transaction customization
2025-11-13 21:56:15,751 INFO o.a.j.r.c.ReportGeneratorConfiguration: Property 'jmeter.reportgenerator.sample_filter' not found, using default value 'null' instead.
2025-11-13 21:56:15,751 INFO o.a.j.r.c.ReportGeneratorConfiguration: Property 'jmeter.reportgenerator.report_title' not found, using default value 'null' instead.
2025-11-13 21:56:15,751 INFO o.a.j.r.c.ReportGeneratorConfiguration: Property 'jmeter.reportgenerator.start_date' not found, using default value 'null' instead.
2025-11-13 21:56:15,751 INFO o.a.j.r.c.ReportGeneratorConfiguration: Property 'jmeter.reportgenerator.end_date' not found, using default value 'null' instead.
2025-11-13 21:56:15,752 INFO o.a.j.r.c.ReportGeneratorConfiguration: Property 'jmeter.reportgenerator.date_format' not found, using default value 'null' instead.
2025-11-13 21:56:15,752 INFO o.a.j.r.c.ReportGeneratorConfiguration: Will use date range start date: null, end date: null
2025-11-13 21:56:15,755 INFO o.a.j.r.c.ReportGeneratorConfiguration: Property 'jmeter.reportgenerator.graph.totalTPS.exclude_controllers' not found, using default value 'false' instead.
2025-11-13 21:56:15,755 INFO o.a.j.r.c.ReportGeneratorConfiguration: Property 'jmeter.reportgenerator.graph.activeThreadsOverTime.exclude_controllers' not found, using default value 'false' instead.
2025-11-13 21:56:15,755 INFO o.a.j.r.c.ReportGeneratorConfiguration: Property 'jmeter.reportgenerator.graph.timeVsThreads.exclude_controllers' not found, using default value 'false' instead.
2025-11-13 21:56:15,756 INFO o.a.j.r.c.ReportGeneratorConfiguration: Property 'jmeter.reportgenerator.graph.responseTimeDistribution.exclude_controllers' not found, using default value 'false' instead.
2025-11-13 21:56:15,756 INFO o.a.j.r.c.ReportGeneratorConfiguration: Property 'jmeter.reportgenerator.graph.transactionsPerSecond.exclude_controllers' not found, using default value 'false' instead.
2025-11-13 21:56:15,756 INFO o.a.j.r.c.ReportGeneratorConfiguration: Property 'jmeter.reportgenerator.graph.responseTimePercentiles.exclude_controllers' not found, using default value 'false' instead.
2025-11-13 21:56:15,756 INFO o.a.j.r.c.ReportGeneratorConfiguration: Property 'jmeter.reportgenerator.graph.responseTimePercentilesOverTime.exclude_controllers' not found, using default value 'false' instead.
2025-11-13 21:56:15,756 INFO o.a.j.r.c.ReportGeneratorConfiguration: Property 'jmeter.reportgenerator.graph.responseTimesOverTime.exclude_controllers' not found, using default value 'false' instead.
2025-11-13 21:56:15,756 INFO o.a.j.r.c.ReportGeneratorConfiguration: Property 'jmeter.reportgenerator.graph.connectTimeOverTime.exclude_controllers' not found, using default value 'false' instead.
2025-11-13 21:56:15,757 INFO o.a.j.r.c.ReportGeneratorConfiguration: Property 'jmeter.reportgenerator.graph.latenciesOverTime.exclude_controllers' not found, using default value 'false' instead.
2025-11-13 21:56:15,757 INFO o.a.j.r.c.ReportGeneratorConfiguration: Property 'jmeter.reportgenerator.exporter.json.filters_only_sample_series' not found, using default value 'true' instead.
2025-11-13 21:56:15,757 INFO o.a.j.r.c.ReportGeneratorConfiguration: Property 'jmeter.reportgenerator.exporter.json.series_filter' not found, using default value '' instead.
2025-11-13 21:56:15,757 INFO o.a.j.r.c.ReportGeneratorConfiguration: Property 'jmeter.reportgenerator.exporter.json.show_controllers_only' not found, using default value 'false' instead.
2025-11-13 21:56:15,758 INFO o.a.j.r.c.ReportGeneratorConfiguration: Property 'jmeter.reportgenerator.exporter.html.filters_only_sample_series' not found, using default value 'true' instead.
2025-11-13 21:56:15,758 INFO o.a.j.r.c.ReportGeneratorConfiguration: Property 'jmeter.reportgenerator.exporter.html.series_filter' not found, using default value '' instead.
2025-11-13 21:56:15,758 INFO o.a.j.r.c.ReportGeneratorConfiguration: Property 'jmeter.reportgenerator.exporter.html.show_controllers_only' not found, using default value 'false' instead.
2025-11-13 21:56:15,782 INFO o.a.j.e.StandardJMeterEngine: Running the test!
2025-11-13 21:56:15,784 INFO o.a.j.s.SampleEvent: List of sample_variables: []
2025-11-13 21:56:15,784 INFO o.a.j.s.SampleEvent: List of sample_variables: []
2025-11-13 21:56:15,789 INFO o.a.j.e.u.CompoundVariable: Note: Function class names must contain the string: '.functions.'
2025-11-13 21:56:15,789 INFO o.a.j.e.u.CompoundVariable: Note: Function class names must not contain the string: '.gui.'
2025-11-13 21:56:15,873 INFO o.a.j.JMeter: Running test (1763081775873)
2025-11-13 21:56:15,888 INFO o.a.j.e.StandardJMeterEngine: Starting ThreadGroup: 1 : Thread Group
2025-11-13 21:56:15,889 INFO o.a.j.e.StandardJMeterEngine: Starting 100 threads for group Thread Group.
2025-11-13 21:56:15,889 INFO o.a.j.e.StandardJMeterEngine: Thread will continue on error
2025-11-13 21:56:15,889 INFO o.a.j.t.ThreadGroup: Starting thread group... number=1 threads=100 ramp-up=10 delayedStart=false
2025-11-13 21:56:15,900 INFO o.a.j.t.JMeterThread: Thread started: Thread Group 1-1
2025-11-13 21:56:15,931 INFO o.a.j.t.ThreadGroup: Started thread group number 1
2025-11-13 21:56:15,931 INFO o.a.j.e.StandardJMeterEngine: All thread groups have been started
2025-11-13 21:56:15,932 INFO o.a.j.p.h.s.HTTPHCAbstractImpl: Local host = UNI-LABF-7352
2025-11-13 21:56:15,939 INFO o.a.j.p.h.s.HTTPHC4Impl: HTTP request retry count = 0
2025-11-13 21:56:15,942 INFO o.a.j.s.SampleResult: Note: Sample TimeStamps are START times
2025-11-13 21:56:15,942 INFO o.a.j.s.SampleResult: sampleresult.default.encoding is set to UTF-8
2025-11-13 21:56:15,942 INFO o.a.j.s.SampleResult: sampleresult.useNanoTime=true
2025-11-13 21:56:15,942 INFO o.a.j.s.SampleResult: sampleresult.nanoThreadSleep=5000
2025-11-13 21:56:15,996 INFO o.a.j.t.JMeterThread: Thread started: Thread Group 1-2
2025-11-13 21:56:16,098 INFO o.a.j.t.JMeterThread: Thread started: Thread Group 1-3
2025-11-13 21:56:16,115 INFO o.a.j.t.JMeterThread: Thread is done: Thread Group 1-2
2025-11-13 21:56:16,115 INFO o.a.j.t.JMeterThread: Thread is done: Thread Group 1-3
2025-11-13 21:56:16,115 INFO o.a.j.t.JMeterThread: Thread is done: Thread Group 1-1
2025-11-13 21:56:16,116 INFO o.a.j.t.JMeterThread: Thread finished: Thread Group 1-2
2025-11-13 21:56:16,116 INFO o.a.j.t.JMeterThread: Thread finished: Thread Group 1-1
2025-11-13 21:56:16,116 INFO o.a.j.t.JMeterThread: Thread finished: Thread Group 1-3
2025-11-13 21:56:16,196 INFO o.a.j.t.JMeterThread: Thread started: Thread Group 1-4
2025-11-13 21:56:16,202 INFO o.a.j.t.JMeterThread: Thread is done: Thread Group 1-4
2025-11-13 21:56:16,202 INFO o.a.j.t.JMeterThread: Thread finished: Thread Group 1-4
2025-11-13 21:56:16,295 INFO o.a.j.t.JMeterThread: Thread started: Thread Group 1-5
2025-11-13 21:56:16,301 INFO o.a.j.t.JMeterThread: Thread is done: Thread Group 1-5
2025-11-13 21:56:16,301 INFO o.a.j.t.JMeterThread: Thread finished: Thread Group 1-5
2025-11-13 21:56:16,395 INFO o.a.j.t.JMeterThread: Thread started: Thread Group 1-6
2025-11-13 21:56:16,403 INFO o.a.j.t.JMeterThread: Thread is done: Thread Group 1-6
2025-11-13 21:56:16,403 INFO o.a.j.t.JMeterThread: Thread finished: Thread Group 1-6
2025-11-13 21:56:16,494 INFO o.a.j.t.JMeterThread: Thread started: Thread Group 1-7
2025-11-13 21:56:16,510 INFO o.a.j.t.JMeterThread: Thread is done: Thread Group 1-7
2025-11-13 21:56:16,511 INFO o.a.j.t.JMeterThread: Thread finished: Thread Group 1-7
2025-11-13 21:56:16,593 INFO o.a.j.t.JMeterThread: Thread started: Thread Group 1-8
2025-11-13 21:56:16,606 INFO o.a.j.t.JMeterThread: Thread is done: Thread Group 1-8
2025-11-13 21:56:16,606 INFO o.a.j.t.JMeterThread: Thread finished: Thread Group 1-8
2025-11-13 21:56:16,692 INFO o.a.j.t.JMeterThread: Thread started: Thread Group 1-9
2025-11-13 21:56:16,708 INFO o.a.j.t.JMeterThread: Thread is done: Thread Group 1-9
2025-11-13 21:56:16,708 INFO o.a.j.t.JMeterThread: Thread finished: Thread Group 1-9
2025-11-13 21:56:16,792 INFO o.a.j.t.JMeterThread: Thread started: Thread Group 1-10
2025-11-13 21:56:16,805 INFO o.a.j.t.JMeterThread: Thread is done: Thread Group 1-10
2025-11-13 21:56:16,806 INFO o.a.j.t.JMeterThread: Thread finished: Thread Group 1-10
2025-11-13 21:56:16,890 INFO o.a.j.t.JMeterThread: Thread started: Thread Group 1-11
2025-11-13 21:56:16,899 INFO o.a.j.t.JMeterThread: Thread is done: Thread Group 1-11
2025-11-13 21:56:16,900 INFO o.a.j.t.JMeterThread: Thread finished: Thread Group 1-11
2025-11-13 21:56:16,991 INFO o.a.j.t.JMeterThread: Thread started: Thread Group 1-12
2025-11-13 21:56:16,999 INFO o.a.j.t.JMeterThread: Thread is done: Thread Group 1-12
2025-11-13 21:56:17,000 INFO o.a.j.t.JMeterThread: Thread finished: Thread Group 1-12
2025-11-13 21:56:17,092 INFO o.a.j.t.JMeterThread: Thread started: Thread Group 1-13
2025-11-13 21:56:17,100 INFO o.a.j.t.JMeterThread: Thread is done: Thread Group 1-13
2025-11-13 21:56:17,101 INFO o.a.j.t.JMeterThread: Thread finished: Thread Group 1-13
2025-11-13 21:56:17,190 INFO o.a.j.t.JMeterThread: Thread started: Thread Group 1-14
2025-11-13 21:56:17,197 INFO o.a.j.t.JMeterThread: Thread is done: Thread Group 1-14
2025-11-13 21:56:17,197 INFO o.a.j.t.JMeterThread: Thread finished: Thread Group 1-14
2025-11-13 21:56:17,292 INFO o.a.j.t.JMeterThread: Thread started: Thread Group 1-15
2025-11-13 21:56:17,301 INFO o.a.j.t.JMeterThread: Thread is done: Thread Group 1-15
2025-11-13 21:56:17,301 INFO o.a.j.t.JMeterThread: Thread finished: Thread Group 1-15
2025-11-13 21:56:17,391 INFO o.a.j.t.JMeterThread: Thread started: Thread Group 1-16
2025-11-13 21:56:17,397 INFO o.a.j.t.JMeterThread: Thread is done: Thread Group 1-16
2025-11-13 21:56:17,397 INFO o.a.j.t.JMeterThread: Thread finished: Thread Group 1-16
2025-11-13 21:56:17,491 INFO o.a.j.t.JMeterThread: Thread started: Thread Group 1-17
2025-11-13 21:56:17,505 INFO o.a.j.t.JMeterThread: Thread is done: Thread Group 1-17
2025-11-13 21:56:17,505 INFO o.a.j.t.JMeterThread: Thread finished: Thread Group 1-17
2025-11-13 21:56:17,589 INFO o.a.j.t.JMeterThread: Thread started: Thread Group 1-18
2025-11-13 21:56:17,598 INFO o.a.j.t.JMeterThread: Thread is done: Thread Group 1-18
2025-11-13 21:56:17,598 INFO o.a.j.t.JMeterThread: Thread finished: Thread Group 1-18
2025-11-13 21:56:17,692 INFO o.a.j.t.JMeterThread: Thread started: Thread Group 1-19
2025-11-13 21:56:17,701 INFO o.a.j.t.JMeterThread: Thread is done: Thread Group 1-19
2025-11-13 21:56:17,701 INFO o.a.j.t.JMeterThread: Thread finished: Thread Group 1-19
2025-11-13 21:56:17,790 INFO o.a.j.t.JMeterThread: Thread started: Thread Group 1-20
2025-11-13 21:56:17,800 INFO o.a.j.t.JMeterThread: Thread is done: Thread Group 1-20
2025-11-13 21:56:17,800 INFO o.a.j.t.JMeterThread: Thread finished: Thread Group 1-20
2025-11-13 21:56:17,890 INFO o.a.j.t.JMeterThread: Thread started: Thread Group 1-21
2025-11-13 21:56:17,903 INFO o.a.j.t.JMeterThread: Thread is done: Thread Group 1-21
2025-11-13 21:56:17,903 INFO o.a.j.t.JMeterThread: Thread finished: Thread Group 1-21
2025-11-13 21:56:17,990 INFO o.a.j.t.JMeterThread: Thread started: Thread Group 1-22
2025-11-13 21:56:17,996 INFO o.a.j.t.JMeterThread: Thread is done: Thread Group 1-22
2025-11-13 21:56:17,996 INFO o.a.j.t.JMeterThread: Thread finished: Thread Group 1-22
2025-11-13 21:56:18,092 INFO o.a.j.t.JMeterThread: Thread started: Thread Group 1-23
2025-11-13 21:56:18,097 INFO o.a.j.t.JMeterThread: Thread is done: Thread Group 1-23
2025-11-13 21:56:18,097 INFO o.a.j.t.JMeterThread: Thread finished: Thread Group 1-23
2025-11-13 21:56:18,191 INFO o.a.j.t.JMeterThread: Thread started: Thread Group 1-24
2025-11-13 21:56:18,201 INFO o.a.j.t.JMeterThread: Thread is done: Thread Group 1-24
2025-11-13 21:56:18,202 INFO o.a.j.t.JMeterThread: Thread finished: Thread Group 1-24
2025-11-13 21:56:18,290 INFO o.a.j.t.JMeterThread: Thread started: Thread Group 1-25
2025-11-13 21:56:18,303 INFO o.a.j.t.JMeterThread: Thread is done: Thread Group 1-25
2025-11-13 21:56:18,303 INFO o.a.j.t.JMeterThread: Thread finished: Thread Group 1-25
2025-11-13 21:56:18,390 INFO o.a.j.t.JMeterThread: Thread started: Thread Group 1-26
2025-11-13 21:56:18,404 INFO o.a.j.t.JMeterThread: Thread is done: Thread Group 1-26
2025-11-13 21:56:18,404 INFO o.a.j.t.JMeterThread: Thread finished: Thread Group 1-26
2025-11-13 21:56:18,490 INFO o.a.j.t.JMeterThread: Thread started: Thread Group 1-27
2025-11-13 21:56:18,503 INFO o.a.j.t.JMeterThread: Thread is done: Thread Group 1-27
2025-11-13 21:56:18,503 INFO o.a.j.t.JMeterThread: Thread finished: Thread Group 1-27
2025-11-13 21:56:18,591 INFO o.a.j.t.JMeterThread: Thread started: Thread Group 1-28
2025-11-13 21:56:18,600 INFO o.a.j.t.JMeterThread: Thread is done: Thread Group 1-28
2025-11-13 21:56:18,600 INFO o.a.j.t.JMeterThread: Thread finished: Thread Group 1-28
2025-11-13 21:56:18,691 INFO o.a.j.t.JMeterThread: Thread started: Thread Group 1-29
2025-11-13 21:56:18,703 INFO o.a.j.t.JMeterThread: Thread is done: Thread Group 1-29
2025-11-13 21:56:18,703 INFO o.a.j.t.JMeterThread: Thread finished: Thread Group 1-29
2025-11-13 21:56:18,789 INFO o.a.j.t.JMeterThread: Thread started: Thread Group 1-30
2025-11-13 21:56:18,800 INFO o.a.j.t.JMeterThread: Thread is done: Thread Group 1-30
2025-11-13 21:56:18,800 INFO o.a.j.t.JMeterThread: Thread finished: Thread Group 1-30
2025-11-13 21:56:18,890 INFO o.a.j.t.JMeterThread: Thread started: Thread Group 1-31
2025-11-13 21:56:18,903 INFO o.a.j.t.JMeterThread: Thread is done: Thread Group 1-31
2025-11-13 21:56:18,903 INFO o.a.j.t.JMeterThread: Thread finished: Thread Group 1-31
2025-11-13 21:56:18,990 INFO o.a.j.t.JMeterThread: Thread started: Thread Group 1-32
2025-11-13 21:56:18,999 INFO o.a.j.t.JMeterThread: Thread is done: Thread Group 1-32
2025-11-13 21:56:18,999 INFO o.a.j.t.JMeterThread: Thread finished: Thread Group 1-32
2025-11-13 21:56:19,090 INFO o.a.j.t.JMeterThread: Thread started: Thread Group 1-33
2025-11-13 21:56:19,100 INFO o.a.j.t.JMeterThread: Thread is done: Thread Group 1-33
2025-11-13 21:56:19,100 INFO o.a.j.t.JMeterThread: Thread finished: Thread Group 1-33
2025-11-13 21:56:19,189 INFO o.a.j.t.JMeterThread: Thread started: Thread Group 1-34
2025-11-13 21:56:19,201 INFO o.a.j.t.JMeterThread: Thread is done: Thread Group 1-34
2025-11-13 21:56:19,202 INFO o.a.j.t.JMeterThread: Thread finished: Thread Group 1-34
2025-11-13 21:56:19,290 INFO o.a.j.t.JMeterThread: Thread started: Thread Group 1-35
2025-11-13 21:56:19,301 INFO o.a.j.t.JMeterThread: Thread is done: Thread Group 1-35
2025-11-13 21:56:19,301 INFO o.a.j.t.JMeterThread: Thread finished: Thread Group 1-35
2025-11-13 21:56:19,390 INFO o.a.j.t.JMeterThread: Thread started: Thread Group 1-36
2025-11-13 21:56:19,412 INFO o.a.j.t.JMeterThread: Thread is done: Thread Group 1-36
2025-11-13 21:56:19,412 INFO o.a.j.t.JMeterThread: Thread finished: Thread Group 1-36
2025-11-13 21:56:19,489 INFO o.a.j.t.JMeterThread: Thread started: Thread Group 1-37
2025-11-13 21:56:19,502 INFO o.a.j.t.JMeterThread: Thread is done: Thread Group 1-37
2025-11-13 21:56:19,502 INFO o.a.j.t.JMeterThread: Thread finished: Thread Group 1-37
2025-11-13 21:56:19,589 INFO o.a.j.t.JMeterThread: Thread started: Thread Group 1-38
2025-11-13 21:56:19,603 INFO o.a.j.t.JMeterThread: Thread is done: Thread Group 1-38
2025-11-13 21:56:19,603 INFO o.a.j.t.JMeterThread: Thread finished: Thread Group 1-38
2025-11-13 21:56:19,689 INFO o.a.j.t.JMeterThread: Thread started: Thread Group 1-39
2025-11-13 21:56:19,699 INFO o.a.j.t.JMeterThread: Thread is done: Thread Group 1-39
2025-11-13 21:56:19,699 INFO o.a.j.t.JMeterThread: Thread finished: Thread Group 1-39
2025-11-13 21:56:19,790 INFO o.a.j.t.JMeterThread: Thread started: Thread Group 1-40
2025-11-13 21:56:19,799 INFO o.a.j.t.JMeterThread: Thread is done: Thread Group 1-40
2025-11-13 21:56:19,799 INFO o.a.j.t.JMeterThread: Thread finished: Thread Group 1-40
2025-11-13 21:56:19,890 INFO o.a.j.t.JMeterThread: Thread started: Thread Group 1-41
2025-11-13 21:56:19,900 INFO o.a.j.t.JMeterThread: Thread is done: Thread Group 1-41
2025-11-13 21:56:19,901 INFO o.a.j.t.JMeterThread: Thread finished: Thread Group 1-41
2025-11-13 21:56:19,989 INFO o.a.j.t.JMeterThread: Thread started: Thread Group 1-42
2025-11-13 21:56:20,001 INFO o.a.j.t.JMeterThread: Thread is done: Thread Group 1-42
2025-11-13 21:56:20,002 INFO o.a.j.t.JMeterThread: Thread finished: Thread Group 1-42
2025-11-13 21:56:20,090 INFO o.a.j.t.JMeterThread: Thread started: Thread Group 1-43
2025-11-13 21:56:20,102 INFO o.a.j.t.JMeterThread: Thread is done: Thread Group 1-43
2025-11-13 21:56:20,103 INFO o.a.j.t.JMeterThread: Thread finished: Thread Group 1-43
2025-11-13 21:56:20,190 INFO o.a.j.t.JMeterThread: Thread started: Thread Group 1-44
2025-11-13 21:56:20,203 INFO o.a.j.t.JMeterThread: Thread is done: Thread Group 1-44
2025-11-13 21:56:20,203 INFO o.a.j.t.JMeterThread: Thread finished: Thread Group 1-44
2025-11-13 21:56:20,292 INFO o.a.j.t.JMeterThread: Thread started: Thread Group 1-45
2025-11-13 21:56:20,302 INFO o.a.j.t.JMeterThread: Thread is done: Thread Group 1-45
2025-11-13 21:56:20,303 INFO o.a.j.t.JMeterThread: Thread finished: Thread Group 1-45
2025-11-13 21:56:20,389 INFO o.a.j.t.JMeterThread: Thread started: Thread Group 1-46
2025-11-13 21:56:20,402 INFO o.a.j.t.JMeterThread: Thread is done: Thread Group 1-46
2025-11-13 21:56:20,402 INFO o.a.j.t.JMeterThread: Thread finished: Thread Group 1-46
2025-11-13 21:56:20,490 INFO o.a.j.t.JMeterThread: Thread started: Thread Group 1-47
2025-11-13 21:56:20,503 INFO o.a.j.t.JMeterThread: Thread is done: Thread Group 1-47
2025-11-13 21:56:20,503 INFO o.a.j.t.JMeterThread: Thread finished: Thread Group 1-47
2025-11-13 21:56:20,590 INFO o.a.j.t.JMeterThread: Thread started: Thread Group 1-48
2025-11-13 21:56:20,600 INFO o.a.j.t.JMeterThread: Thread is done: Thread Group 1-48
2025-11-13 21:56:20,601 INFO o.a.j.t.JMeterThread: Thread finished: Thread Group 1-48
2025-11-13 21:56:20,690 INFO o.a.j.t.JMeterThread: Thread started: Thread Group 1-49
2025-11-13 21:56:20,701 INFO o.a.j.t.JMeterThread: Thread is done: Thread Group 1-49
2025-11-13 21:56:20,702 INFO o.a.j.t.JMeterThread: Thread finished: Thread Group 1-49
2025-11-13 21:56:20,790 INFO o.a.j.t.JMeterThread: Thread started: Thread Group 1-50
2025-11-13 21:56:20,800 INFO o.a.j.t.JMeterThread: Thread is done: Thread Group 1-50
2025-11-13 21:56:20,800 INFO o.a.j.t.JMeterThread: Thread finished: Thread Group 1-50
2025-11-13 21:56:20,890 INFO o.a.j.t.JMeterThread: Thread started: Thread Group 1-51
2025-11-13 21:56:20,899 INFO o.a.j.t.JMeterThread: Thread is done: Thread Group 1-51
2025-11-13 21:56:20,899 INFO o.a.j.t.JMeterThread: Thread finished: Thread Group 1-51
2025-11-13 21:56:20,990 INFO o.a.j.t.JMeterThread: Thread started: Thread Group 1-52
2025-11-13 21:56:21,001 INFO o.a.j.t.JMeterThread: Thread is done: Thread Group 1-52
2025-11-13 21:56:21,002 INFO o.a.j.t.JMeterThread: Thread finished: Thread Group 1-52
2025-11-13 21:56:21,090 INFO o.a.j.t.JMeterThread: Thread started: Thread Group 1-53
2025-11-13 21:56:21,102 INFO o.a.j.t.JMeterThread: Thread is done: Thread Group 1-53
2025-11-13 21:56:21,103 INFO o.a.j.t.JMeterThread: Thread finished: Thread Group 1-53
2025-11-13 21:56:21,190 INFO o.a.j.t.JMeterThread: Thread started: Thread Group 1-54
2025-11-13 21:56:21,199 INFO o.a.j.t.JMeterThread: Thread is done: Thread Group 1-54
2025-11-13 21:56:21,199 INFO o.a.j.t.JMeterThread: Thread finished: Thread Group 1-54
2025-11-13 21:56:21,290 INFO o.a.j.t.JMeterThread: Thread started: Thread Group 1-55
2025-11-13 21:56:21,301 INFO o.a.j.t.JMeterThread: Thread is done: Thread Group 1-55
2025-11-13 21:56:21,301 INFO o.a.j.t.JMeterThread: Thread finished: Thread Group 1-55
2025-11-13 21:56:21,391 INFO o.a.j.t.JMeterThread: Thread started: Thread Group 1-56
2025-11-13 21:56:21,401 INFO o.a.j.t.JMeterThread: Thread is done: Thread Group 1-56
2025-11-13 21:56:21,402 INFO o.a.j.t.JMeterThread: Thread finished: Thread Group 1-56
2025-11-13 21:56:21,492 INFO o.a.j.t.JMeterThread: Thread started: Thread Group 1-57
2025-11-13 21:56:21,504 INFO o.a.j.t.JMeterThread: Thread is done: Thread Group 1-57
2025-11-13 21:56:21,505 INFO o.a.j.t.JMeterThread: Thread finished: Thread Group 1-57
2025-11-13 21:56:21,592 INFO o.a.j.t.JMeterThread: Thread started: Thread Group 1-58
2025-11-13 21:56:21,603 INFO o.a.j.t.JMeterThread: Thread is done: Thread Group 1-58
2025-11-13 21:56:21,603 INFO o.a.j.t.JMeterThread: Thread finished: Thread Group 1-58
2025-11-13 21:56:21,692 INFO o.a.j.t.JMeterThread: Thread started: Thread Group 1-59
2025-11-13 21:56:21,703 INFO o.a.j.t.JMeterThread: Thread is done: Thread Group 1-59
2025-11-13 21:56:21,704 INFO o.a.j.t.JMeterThread: Thread finished: Thread Group 1-59
2025-11-13 21:56:21,790 INFO o.a.j.t.JMeterThread: Thread started: Thread Group 1-60
2025-11-13 21:56:21,802 INFO o.a.j.t.JMeterThread: Thread is done: Thread Group 1-60
2025-11-13 21:56:21,802 INFO o.a.j.t.JMeterThread: Thread finished: Thread Group 1-60
2025-11-13 21:56:21,893 INFO o.a.j.t.JMeterThread: Thread started: Thread Group 1-61
2025-11-13 21:56:21,903 INFO o.a.j.t.JMeterThread: Thread is done: Thread Group 1-61
2025-11-13 21:56:21,903 INFO o.a.j.t.JMeterThread: Thread finished: Thread Group 1-61
2025-11-13 21:56:21,990 INFO o.a.j.t.JMeterThread: Thread started: Thread Group 1-62
2025-11-13 21:56:22,001 INFO o.a.j.t.JMeterThread: Thread is done: Thread Group 1-62
2025-11-13 21:56:22,001 INFO o.a.j.t.JMeterThread: Thread finished: Thread Group 1-62
2025-11-13 21:56:22,090 INFO o.a.j.t.JMeterThread: Thread started: Thread Group 1-63
2025-11-13 21:56:22,099 INFO o.a.j.t.JMeterThread: Thread is done: Thread Group 1-63
2025-11-13 21:56:22,099 INFO o.a.j.t.JMeterThread: Thread finished: Thread Group 1-63
2025-11-13 21:56:22,191 INFO o.a.j.t.JMeterThread: Thread started: Thread Group 1-64
2025-11-13 21:56:22,206 INFO o.a.j.t.JMeterThread: Thread is done: Thread Group 1-64
2025-11-13 21:56:22,206 INFO o.a.j.t.JMeterThread: Thread finished: Thread Group 1-64
2025-11-13 21:56:22,290 INFO o.a.j.t.JMeterThread: Thread started: Thread Group 1-65
2025-11-13 21:56:22,306 INFO o.a.j.t.JMeterThread: Thread is done: Thread Group 1-65
2025-11-13 21:56:22,306 INFO o.a.j.t.JMeterThread: Thread finished: Thread Group 1-65
2025-11-13 21:56:22,391 INFO o.a.j.t.JMeterThread: Thread started: Thread Group 1-66
2025-11-13 21:56:22,403 INFO o.a.j.t.JMeterThread: Thread is done: Thread Group 1-66
2025-11-13 21:56:22,404 INFO o.a.j.t.JMeterThread: Thread finished: Thread Group 1-66
2025-11-13 21:56:22,491 INFO o.a.j.t.JMeterThread: Thread started: Thread Group 1-67
2025-11-13 21:56:22,500 INFO o.a.j.t.JMeterThread: Thread is done: Thread Group 1-67
2025-11-13 21:56:22,501 INFO o.a.j.t.JMeterThread: Thread finished: Thread Group 1-67
2025-11-13 21:56:22,591 INFO o.a.j.t.JMeterThread: Thread started: Thread Group 1-68
2025-11-13 21:56:22,603 INFO o.a.j.t.JMeterThread: Thread is done: Thread Group 1-68
2025-11-13 21:56:22,604 INFO o.a.j.t.JMeterThread: Thread finished: Thread Group 1-68
2025-11-13 21:56:22,690 INFO o.a.j.t.JMeterThread: Thread started: Thread Group 1-69
2025-11-13 21:56:22,701 INFO o.a.j.t.JMeterThread: Thread is done: Thread Group 1-69
2025-11-13 21:56:22,701 INFO o.a.j.t.JMeterThread: Thread finished: Thread Group 1-69
2025-11-13 21:56:22,790 INFO o.a.j.t.JMeterThread: Thread started: Thread Group 1-70
2025-11-13 21:56:22,798 INFO o.a.j.t.JMeterThread: Thread is done: Thread Group 1-70
2025-11-13 21:56:22,798 INFO o.a.j.t.JMeterThread: Thread finished: Thread Group 1-70
2025-11-13 21:56:22,889 INFO o.a.j.t.JMeterThread: Thread started: Thread Group 1-71
2025-11-13 21:56:22,903 INFO o.a.j.t.JMeterThread: Thread is done: Thread Group 1-71
2025-11-13 21:56:22,903 INFO o.a.j.t.JMeterThread: Thread finished: Thread Group 1-71
2025-11-13 21:56:22,990 INFO o.a.j.t.JMeterThread: Thread started: Thread Group 1-72
2025-11-13 21:56:23,001 INFO o.a.j.t.JMeterThread: Thread is done: Thread Group 1-72
2025-11-13 21:56:23,001 INFO o.a.j.t.JMeterThread: Thread finished: Thread Group 1-72
2025-11-13 21:56:23,090 INFO o.a.j.t.JMeterThread: Thread started: Thread Group 1-73
2025-11-13 21:56:23,099 INFO o.a.j.t.JMeterThread: Thread is done: Thread Group 1-73
2025-11-13 21:56:23,099 INFO o.a.j.t.JMeterThread: Thread finished: Thread Group 1-73
2025-11-13 21:56:23,190 INFO o.a.j.t.JMeterThread: Thread started: Thread Group 1-74
2025-11-13 21:56:23,200 INFO o.a.j.t.JMeterThread: Thread is done: Thread Group 1-74
2025-11-13 21:56:23,200 INFO o.a.j.t.JMeterThread: Thread finished: Thread Group 1-74
2025-11-13 21:56:23,290 INFO o.a.j.t.JMeterThread: Thread started: Thread Group 1-75
2025-11-13 21:56:23,308 INFO o.a.j.t.JMeterThread: Thread is done: Thread Group 1-75
2025-11-13 21:56:23,308 INFO o.a.j.t.JMeterThread: Thread finished: Thread Group 1-75
2025-11-13 21:56:23,390 INFO o.a.j.t.JMeterThread: Thread started: Thread Group 1-76
2025-11-13 21:56:23,401 INFO o.a.j.t.JMeterThread: Thread is done: Thread Group 1-76
2025-11-13 21:56:23,401 INFO o.a.j.t.JMeterThread: Thread finished: Thread Group 1-76
2025-11-13 21:56:23,490 INFO o.a.j.t.JMeterThread: Thread started: Thread Group 1-77
2025-11-13 21:56:23,502 INFO o.a.j.t.JMeterThread: Thread is done: Thread Group 1-77
2025-11-13 21:56:23,502 INFO o.a.j.t.JMeterThread: Thread finished: Thread Group 1-77
2025-11-13 21:56:23,589 INFO o.a.j.t.JMeterThread: Thread started: Thread Group 1-78
2025-11-13 21:56:23,599 INFO o.a.j.t.JMeterThread: Thread is done: Thread Group 1-78
2025-11-13 21:56:23,599 INFO o.a.j.t.JMeterThread: Thread finished: Thread Group 1-78
2025-11-13 21:56:23,690 INFO o.a.j.t.JMeterThread: Thread started: Thread Group 1-79
2025-11-13 21:56:23,706 INFO o.a.j.t.JMeterThread: Thread is done: Thread Group 1-79
2025-11-13 21:56:23,706 INFO o.a.j.t.JMeterThread: Thread finished: Thread Group 1-79
2025-11-13 21:56:23,789 INFO o.a.j.t.JMeterThread: Thread started: Thread Group 1-80
2025-11-13 21:56:23,802 INFO o.a.j.t.JMeterThread: Thread is done: Thread Group 1-80
2025-11-13 21:56:23,802 INFO o.a.j.t.JMeterThread: Thread finished: Thread Group 1-80
2025-11-13 21:56:23,890 INFO o.a.j.t.JMeterThread: Thread started: Thread Group 1-81
2025-11-13 21:56:23,902 INFO o.a.j.t.JMeterThread: Thread is done: Thread Group 1-81
2025-11-13 21:56:23,902 INFO o.a.j.t.JMeterThread: Thread finished: Thread Group 1-81
2025-11-13 21:56:23,991 INFO o.a.j.t.JMeterThread: Thread started: Thread Group 1-82
2025-11-13 21:56:24,001 INFO o.a.j.t.JMeterThread: Thread is done: Thread Group 1-82
2025-11-13 21:56:24,001 INFO o.a.j.t.JMeterThread: Thread finished: Thread Group 1-82
2025-11-13 21:56:24,090 INFO o.a.j.t.JMeterThread: Thread started: Thread Group 1-83
2025-11-13 21:56:24,101 INFO o.a.j.t.JMeterThread: Thread is done: Thread Group 1-83
2025-11-13 21:56:24,102 INFO o.a.j.t.JMeterThread: Thread finished: Thread Group 1-83
2025-11-13 21:56:24,189 INFO o.a.j.t.JMeterThread: Thread started: Thread Group 1-84
2025-11-13 21:56:24,198 INFO o.a.j.t.JMeterThread: Thread is done: Thread Group 1-84
2025-11-13 21:56:24,198 INFO o.a.j.t.JMeterThread: Thread finished: Thread Group 1-84
2025-11-13 21:56:24,289 INFO o.a.j.t.JMeterThread: Thread started: Thread Group 1-85
2025-11-13 21:56:24,297 INFO o.a.j.t.JMeterThread: Thread is done: Thread Group 1-85
2025-11-13 21:56:24,297 INFO o.a.j.t.JMeterThread: Thread finished: Thread Group 1-85
2025-11-13 21:56:24,392 INFO o.a.j.t.JMeterThread: Thread started: Thread Group 1-86
2025-11-13 21:56:24,411 INFO o.a.j.t.JMeterThread: Thread is done: Thread Group 1-86
2025-11-13 21:56:24,411 INFO o.a.j.t.JMeterThread: Thread finished: Thread Group 1-86
2025-11-13 21:56:24,489 INFO o.a.j.t.JMeterThread: Thread started: Thread Group 1-87
2025-11-13 21:56:24,499 INFO o.a.j.t.JMeterThread: Thread is done: Thread Group 1-87
2025-11-13 21:56:24,499 INFO o.a.j.t.JMeterThread: Thread finished: Thread Group 1-87
2025-11-13 21:56:24,590 INFO o.a.j.t.JMeterThread: Thread started: Thread Group 1-88
2025-11-13 21:56:24,597 INFO o.a.j.t.JMeterThread: Thread is done: Thread Group 1-88
2025-11-13 21:56:24,597 INFO o.a.j.t.JMeterThread: Thread finished: Thread Group 1-88
2025-11-13 21:56:24,691 INFO o.a.j.t.JMeterThread: Thread started: Thread Group 1-89
2025-11-13 21:56:24,704 INFO o.a.j.t.JMeterThread: Thread is done: Thread Group 1-89
2025-11-13 21:56:24,705 INFO o.a.j.t.JMeterThread: Thread finished: Thread Group 1-89
2025-11-13 21:56:24,790 INFO o.a.j.t.JMeterThread: Thread started: Thread Group 1-90
2025-11-13 21:56:24,807 INFO o.a.j.t.JMeterThread: Thread is done: Thread Group 1-90
2025-11-13 21:56:24,807 INFO o.a.j.t.JMeterThread: Thread finished: Thread Group 1-90
2025-11-13 21:56:24,889 INFO o.a.j.t.JMeterThread: Thread started: Thread Group 1-91
2025-11-13 21:56:24,897 INFO o.a.j.t.JMeterThread: Thread is done: Thread Group 1-91
2025-11-13 21:56:24,897 INFO o.a.j.t.JMeterThread: Thread finished: Thread Group 1-91
2025-11-13 21:56:24,994 INFO o.a.j.t.JMeterThread: Thread started: Thread Group 1-92
2025-11-13 21:56:25,003 INFO o.a.j.t.JMeterThread: Thread is done: Thread Group 1-92
2025-11-13 21:56:25,003 INFO o.a.j.t.JMeterThread: Thread finished: Thread Group 1-92
2025-11-13 21:56:25,089 INFO o.a.j.t.JMeterThread: Thread started: Thread Group 1-93
2025-11-13 21:56:25,098 INFO o.a.j.t.JMeterThread: Thread is done: Thread Group 1-93
2025-11-13 21:56:25,099 INFO o.a.j.t.JMeterThread: Thread finished: Thread Group 1-93
2025-11-13 21:56:25,190 INFO o.a.j.t.JMeterThread: Thread started: Thread Group 1-94
2025-11-13 21:56:25,203 INFO o.a.j.t.JMeterThread: Thread is done: Thread Group 1-94
2025-11-13 21:56:25,203 INFO o.a.j.t.JMeterThread: Thread finished: Thread Group 1-94
2025-11-13 21:56:25,290 INFO o.a.j.t.JMeterThread: Thread started: Thread Group 1-95
2025-11-13 21:56:25,300 INFO o.a.j.t.JMeterThread: Thread is done: Thread Group 1-95
2025-11-13 21:56:25,301 INFO o.a.j.t.JMeterThread: Thread finished: Thread Group 1-95
2025-11-13 21:56:25,389 INFO o.a.j.t.JMeterThread: Thread started: Thread Group 1-96
2025-11-13 21:56:25,399 INFO o.a.j.t.JMeterThread: Thread is done: Thread Group 1-96
2025-11-13 21:56:25,399 INFO o.a.j.t.JMeterThread: Thread finished: Thread Group 1-96
2025-11-13 21:56:25,490 INFO o.a.j.t.JMeterThread: Thread started: Thread Group 1-97
2025-11-13 21:56:25,499 INFO o.a.j.t.JMeterThread: Thread is done: Thread Group 1-97
2025-11-13 21:56:25,499 INFO o.a.j.t.JMeterThread: Thread finished: Thread Group 1-97
2025-11-13 21:56:25,589 INFO o.a.j.t.JMeterThread: Thread started: Thread Group 1-98
2025-11-13 21:56:25,600 INFO o.a.j.t.JMeterThread: Thread is done: Thread Group 1-98
2025-11-13 21:56:25,600 INFO o.a.j.t.JMeterThread: Thread finished: Thread Group 1-98
2025-11-13 21:56:25,689 INFO o.a.j.t.JMeterThread: Thread started: Thread Group 1-99
2025-11-13 21:56:25,701 INFO o.a.j.t.JMeterThread: Thread is done: Thread Group 1-99
2025-11-13 21:56:25,702 INFO o.a.j.t.JMeterThread: Thread finished: Thread Group 1-99
2025-11-13 21:56:25,790 INFO o.a.j.t.JMeterThread: Thread started: Thread Group 1-100
2025-11-13 21:56:25,800 INFO o.a.j.t.JMeterThread: Thread is done: Thread Group 1-100
2025-11-13 21:56:25,800 INFO o.a.j.t.JMeterThread: Thread finished: Thread Group 1-100
2025-11-13 21:56:25,800 INFO o.a.j.e.StandardJMeterEngine: Notifying test listeners of end of test
2025-11-13 21:56:25,806 INFO o.a.j.r.Summariser: summary =    100 in 00:00:10 =   10.1/s Avg:     8 Min:     3 Max:    49 Err:     0 (0.00%)
2025-11-13 21:56:25,808 INFO o.a.j.JMeter: Generating Dashboard
2025-11-13 21:56:25,808 INFO o.a.j.r.d.ReportGenerator: Flushing result collector before report Generation
2025-11-13 21:56:25,861 INFO o.a.j.r.p.NormalizerSampleConsumer: Using format, 'ms', to parse timeStamp field
2025-11-13 21:56:25,974 INFO o.a.j.r.p.AbstractSampleConsumer: class org.apache.jmeter.report.processor.AggregateConsumer#stopProducing(): beginDate produced 0 samples
2025-11-13 21:56:25,974 INFO o.a.j.r.p.AbstractSampleConsumer: class org.apache.jmeter.report.processor.AggregateConsumer#stopProducing(): endDate produced 0 samples
2025-11-13 21:56:25,977 INFO o.a.j.r.p.AbstractSampleConsumer: class org.apache.jmeter.report.processor.ApdexSummaryConsumer#stopProducing(): apdexSummary produced 0 samples
2025-11-13 21:56:25,977 INFO o.a.j.r.p.AbstractSampleConsumer: class org.apache.jmeter.report.processor.RequestsSummaryConsumer#stopProducing(): requestsSummary produced 0 samples
2025-11-13 21:56:25,991 INFO o.a.j.r.p.AbstractSampleConsumer: class org.apache.jmeter.report.processor.StatisticsSummaryConsumer#stopProducing(): statisticsSummary produced 0 samples
2025-11-13 21:56:25,993 INFO o.a.j.r.p.AbstractSampleConsumer: class org.apache.jmeter.report.processor.Top5ErrorsBySamplerConsumer#stopProducing(): top5ErrorsBySampler produced 0 samples
2025-11-13 21:56:25,993 INFO o.a.j.r.p.AbstractSampleConsumer: class org.apache.jmeter.report.processor.ErrorsSummaryConsumer#stopProducing(): errorsSummary produced 0 samples
2025-11-13 21:56:25,993 INFO o.a.j.r.p.AbstractSampleConsumer: class org.apache.jmeter.report.processor.graph.impl.HitsPerSecondGraphConsumer#stopProducing(): hitsPerSecond produced 0 samples
2025-11-13 21:56:26,086 INFO o.a.j.r.p.AbstractSampleConsumer: class org.apache.jmeter.report.processor.graph.impl.LatencyVSRequestGraphConsumer#stopProducing(): latencyVsRequest produced 0 samples
2025-11-13 21:56:26,086 INFO o.a.j.r.p.AbstractSampleConsumer: class org.apache.jmeter.report.processor.graph.impl.SyntheticResponseTimeDistributionGraphConsumer#stopProducing(): syntheticResponseTimeDistribution produced 0 samples
2025-11-13 21:56:26,086 INFO o.a.j.r.p.AbstractSampleConsumer: class org.apache.jmeter.report.processor.graph.impl.BytesThroughputGraphConsumer#stopProducing(): bytesThroughputOverTime produced 0 samples
2025-11-13 21:56:26,086 INFO o.a.j.r.p.AbstractSampleConsumer: class org.apache.jmeter.report.processor.graph.impl.CodesPerSecondGraphConsumer#stopProducing(): codesPerSecond produced 0 samples
2025-11-13 21:56:26,135 INFO o.a.j.r.p.AbstractSampleConsumer: class org.apache.jmeter.report.processor.graph.impl.ResponseTimeVSRequestGraphConsumer#stopProducing(): responseTimeVsRequest produced 0 samples
2025-11-13 21:56:26,137 INFO o.a.j.r.p.AbstractSampleConsumer: class org.apache.jmeter.report.processor.FilterConsumer#stopProducing(): startIntervalControlerFilter produced 700 samples
2025-11-13 21:56:26,137 INFO o.a.j.r.p.AbstractSampleConsumer: class org.apache.jmeter.report.processor.graph.impl.TotalTPSGraphConsumer#stopProducing(): totalTPS produced 0 samples
2025-11-13 21:56:26,137 INFO o.a.j.r.p.AbstractSampleConsumer: class org.apache.jmeter.report.processor.graph.impl.ActiveThreadsGraphConsumer#stopProducing(): activeThreadsOverTime produced 0 samples
2025-11-13 21:56:26,137 INFO o.a.j.r.p.AbstractSampleConsumer: class org.apache.jmeter.report.processor.graph.impl.TimeVSThreadGraphConsumer#stopProducing(): timeVsThreads produced 0 samples
2025-11-13 21:56:26,137 INFO o.a.j.r.p.AbstractSampleConsumer: class org.apache.jmeter.report.processor.graph.impl.ResponseTimeDistributionGraphConsumer#stopProducing(): responseTimeDistribution produced 0 samples
2025-11-13 21:56:26,138 INFO o.a.j.r.p.AbstractSampleConsumer: class org.apache.jmeter.report.processor.graph.impl.TransactionsPerSecondGraphConsumer#stopProducing(): transactionsPerSecond produced 0 samples
2025-11-13 21:56:26,138 INFO o.a.j.r.p.AbstractSampleConsumer: class org.apache.jmeter.report.processor.graph.impl.ResponseTimePercentilesGraphConsumer#stopProducing(): responseTimePercentiles produced 0 samples
2025-11-13 21:56:26,138 INFO o.a.j.r.p.AbstractSampleConsumer: class org.apache.jmeter.report.processor.graph.impl.ResponseTimePercentilesOverTimeGraphConsumer#stopProducing(): responseTimePercentilesOverTime produced 0 samples
2025-11-13 21:56:26,139 INFO o.a.j.r.p.AbstractSampleConsumer: class org.apache.jmeter.report.processor.graph.impl.ResponseTimeOverTimeGraphConsumer#stopProducing(): responseTimesOverTime produced 0 samples
2025-11-13 21:56:26,139 INFO o.a.j.r.p.AbstractSampleConsumer: class org.apache.jmeter.report.processor.graph.impl.ConnectTimeOverTimeGraphConsumer#stopProducing(): connectTimeOverTime produced 0 samples
2025-11-13 21:56:26,139 INFO o.a.j.r.p.AbstractSampleConsumer: class org.apache.jmeter.report.processor.graph.impl.LatencyOverTimeGraphConsumer#stopProducing(): latenciesOverTime produced 0 samples
2025-11-13 21:56:26,139 INFO o.a.j.r.p.AbstractSampleConsumer: class org.apache.jmeter.report.processor.FilterConsumer#stopProducing(): nameFilter produced 1500 samples
2025-11-13 21:56:26,139 INFO o.a.j.r.p.AbstractSampleConsumer: class org.apache.jmeter.report.processor.FilterConsumer#stopProducing(): dateRangeFilter produced 300 samples
2025-11-13 21:56:26,139 INFO o.a.j.r.p.AbstractSampleConsumer: class org.apache.jmeter.report.processor.NormalizerSampleConsumer#stopProducing(): normalizer produced 100 samples
2025-11-13 21:56:26,140 INFO o.a.j.r.p.CsvFileSampleSource: produce(): 100 samples produced in 245ms on channel 0
2025-11-13 21:56:26,140 INFO o.a.j.r.d.ReportGenerator: Exporting data using exporter:'json' of className:'org.apache.jmeter.report.dashboard.JsonExporter'
2025-11-13 21:56:26,237 INFO o.a.j.r.d.JsonExporter: Found data for consumer statisticsSummary in context
2025-11-13 21:56:26,237 INFO o.a.j.r.d.JsonExporter: Creating statistics for overall
2025-11-13 21:56:26,237 INFO o.a.j.r.d.JsonExporter: Creating statistics for other transactions
2025-11-13 21:56:26,238 INFO o.a.j.r.d.JsonExporter: Checking output folder
2025-11-13 21:56:26,238 INFO o.a.j.r.d.JsonExporter: Writing statistics JSON to C:\projetos\testeUnitario\teste-software-univas\backend\tests\jmeter\reports\smoke\statistics.json
2025-11-13 21:56:26,288 INFO o.a.j.r.d.ReportGenerator: Exporting data using exporter:'html' of className:'org.apache.jmeter.report.dashboard.HtmlTemplateExporter'
2025-11-13 21:56:26,292 INFO o.a.j.r.d.HtmlTemplateExporter: Will generate dashboard in folder: C:\projetos\testeUnitario\teste-software-univas\backend\tests\jmeter\reports\smoke
2025-11-13 21:56:26,436 INFO o.a.j.r.d.HtmlTemplateExporter: Report will be generated in: C:\projetos\testeUnitario\teste-software-univas\backend\tests\jmeter\reports\smoke, creating folder structure
2025-11-13 21:56:26,440 INFO o.a.j.r.d.TemplateVisitor: Copying folder from 'C:\Tools\apache-jmeter-5.6.3\apache-jmeter-5.6.3\bin\report-template' to 'C:\projetos\testeUnitario\teste-software-univas\backend\tests\jmeter\reports\smoke', got message: C:\projetos\testeUnitario\teste-software-univas\backend\tests\jmeter\reports\smoke, found non empty folder with following content [C:\projetos\testeUnitario\teste-software-univas\backend\tests\jmeter\reports\smoke\statistics.json], will be ignored
2025-11-13 21:56:26,991 INFO o.a.j.JMeter: Dashboard generated
